Mon May 04 22:02:42 BST 2020 : Apache Derby Network Server - 10.11.1.2 - (1629631) started and ready to accept connections on port 1527
----------------------------------------------------------------
Mon May 04 22:02:43 BST 2020:
Booting Derby version The Apache Software Foundation - Apache Derby - 10.11.1.2 - (1629631): instance a816c00e-0171-e17f-8456-ffffda2a82a6 
on database directory C:\Users\egebu\Documents\WebApplications\db\AssignmentDB with class loader sun.misc.Launcher$AppClassLoader@266474c2 
Loaded from file:/C:/Program%20Files/Java/jdk1.8.0_161/db/lib/derby.jar
java.vendor=Oracle Corporation
java.runtime.version=1.8.0_161-b12
user.dir=C:\Program Files\Java\jdk1.8.0_161\db
os.name=Windows 10
os.arch=amd64
os.version=10.0
derby.system.home=C:\Users\egebu\Documents\WebApplications\db
Database Class Loader started - derby.database.classpath=''
----------------------------------------------------------------
Mon May 04 22:03:07 BST 2020:
Booting Derby version The Apache Software Foundation - Apache Derby - 10.11.1.2 - (1629631): instance a094c023-0171-e17f-8456-ffffda2a82a6 
on database directory C:\Users\egebu\Documents\WebApplications\db\TransactionDB with class loader sun.misc.Launcher$AppClassLoader@266474c2 
Loaded from file:/C:/Program%20Files/Java/jdk1.8.0_161/db/lib/derby.jar
java.vendor=Oracle Corporation
java.runtime.version=1.8.0_161-b12
user.dir=C:\Program Files\Java\jdk1.8.0_161\db
os.name=Windows 10
os.arch=amd64
os.version=10.0
derby.system.home=C:\Users\egebu\Documents\WebApplications\db
Database Class Loader started - derby.database.classpath=''
----------------------------------------------------------------
Wed May 06 02:06:45 BST 2020: Shutting down Derby engine
----------------------------------------------------------------
Wed May 06 02:06:45 BST 2020:
Shutting down instance a094c023-0171-e17f-8456-ffffda2a82a6 on database directory C:\Users\egebu\Documents\WebApplications\db\TransactionDB with class loader sun.misc.Launcher$AppClassLoader@266474c2 
